<?xml version="1.0" encoding="UTF-8"?>
<testng-results ignored="0" total="1" passed="1" failed="0" skipped="0">
  <reporter-output>
  </reporter-output>
  <suite started-at="2023-02-03T10:19:44 IST" name="Default suite" finished-at="2023-02-03T10:20:01 IST" duration-ms="17228">
    <groups>
      <group name="cucumber">
        <method signature="AbstractTestNGCucumberTests.runScenario(io.cucumber.testng.PickleWrapper, io.cucumber.testng.FeatureWrapper)[pri:0, instance:runner.CucumberRunner@5acf93bb]" name="runScenario" class="io.cucumber.testng.AbstractTestNGCucumberTests"/>
      </group> <!-- cucumber -->
    </groups>
    <test started-at="2023-02-03T10:19:44 IST" name="Default test" finished-at="2023-02-03T10:20:01 IST" duration-ms="17228">
      <class name="runner.CucumberRunner">
        <test-method is-config="true" signature="setUpClass()[pri:0, instance:runner.CucumberRunner@5acf93bb]" started-at="2023-02-03T10:19:44 IST" name="setUpClass" finished-at="2023-02-03T10:19:44 IST" duration-ms="810" status="PASS">
          <reporter-output>
          </reporter-output>
        </test-method> <!-- setUpClass -->
        <test-method signature="runScenario(io.cucumber.testng.PickleWrapper, io.cucumber.testng.FeatureWrapper)[pri:0, instance:runner.CucumberRunner@5acf93bb]" started-at="2023-02-03T10:19:45 IST" name="runScenario" description="Runs Cucumber Scenarios" data-provider="scenarios" finished-at="2023-02-03T10:20:01 IST" duration-ms="16268" status="PASS">
          <params>
            <param index="0">
              <value>
                <![CDATA["Login by using valid credentials"]]>
              </value>
            </param>
            <param index="1">
              <value>
                <![CDATA["Optional[Login]"]]>
              </value>
            </param>
          </params>
          <reporter-output>
          </reporter-output>
        </test-method> <!-- runScenario -->
        <test-method is-config="true" signature="tearDownClass()[pri:0, instance:runner.CucumberRunner@5acf93bb]" started-at="2023-02-03T10:20:01 IST" name="tearDownClass" finished-at="2023-02-03T10:20:01 IST" duration-ms="42" status="PASS">
          <reporter-output>
          </reporter-output>
        </test-method> <!-- tearDownClass -->
      </class> <!-- runner.CucumberRunner -->
    </test> <!-- Default test -->
  </suite> <!-- Default suite -->
</testng-results>
