<?xml version="1.0" encoding="UTF-8"?>
<!-- Generated by org.testng.reporters.JUnitXMLReporter -->
<testsuite ignored="1" hostname="SSRamakrishna" failures="0" tests="2" name="Test" time="23.861" errors="0" timestamp="2023-01-31T14:54:33 IST">
  <testcase classname="_1testScript.Review" name="raj" time="0.023"/>
  <testcase classname="_1testScript.Module" name="test" time="23.701"/>
  <testcase classname="_1testScript.Review" name="test1" time="0.0">
    <ignored/>
  </testcase> <!-- test1 -->
</testsuite> <!-- Test -->
