<?xml version="1.0" encoding="UTF-8"?>
<testng-results ignored="0" total="1" passed="1" failed="0" skipped="0">
  <reporter-output>
    <line>
      <![CDATA[openBrowser]]>
    </line>
    <line>
      <![CDATA[login]]>
    </line>
    <line>
      <![CDATA[CreateCX]]>
    </line>
    <line>
      <![CDATA[logout]]>
    </line>
    <line>
      <![CDATA[closeBrowser]]>
    </line>
  </reporter-output>
  <suite started-at="2022-09-03T20:04:54 IST" name="Default suite" finished-at="2022-09-03T20:05:31 IST" duration-ms="37677">
    <groups>
    </groups>
    <test started-at="2022-09-03T20:04:54 IST" name="Default test" finished-at="2022-09-03T20:05:31 IST" duration-ms="37677">
      <class name="testScript.CustomerModule">
        <test-method is-config="true" signature="openBrowser()[pri:0, instance:testScript.CustomerModule@5562c41e]" started-at="2022-09-03T20:04:54 IST" name="openBrowser" finished-at="2022-09-03T20:05:02 IST" duration-ms="7875" status="PASS">
          <reporter-output>
            <line>
              <![CDATA[openBrowser]]>
            </line>
          </reporter-output>
        </test-method> <!-- openBrowser -->
        <test-method is-config="true" signature="login()[pri:0, instance:testScript.CustomerModule@5562c41e]" started-at="2022-09-03T20:05:02 IST" name="login" finished-at="2022-09-03T20:05:14 IST" duration-ms="12894" status="PASS">
          <reporter-output>
            <line>
              <![CDATA[login]]>
            </line>
          </reporter-output>
        </test-method> <!-- login -->
        <test-method signature="createCX()[pri:0, instance:testScript.CustomerModule@5562c41e]" started-at="2022-09-03T20:05:14 IST" name="createCX" finished-at="2022-09-03T20:05:29 IST" duration-ms="14333" status="PASS">
          <reporter-output>
            <line>
              <![CDATA[CreateCX]]>
            </line>
          </reporter-output>
        </test-method> <!-- createCX -->
        <test-method is-config="true" signature="logout()[pri:0, instance:testScript.CustomerModule@5562c41e]" started-at="2022-09-03T20:05:29 IST" name="logout" finished-at="2022-09-03T20:05:31 IST" duration-ms="2148" status="PASS">
          <reporter-output>
            <line>
              <![CDATA[logout]]>
            </line>
          </reporter-output>
        </test-method> <!-- logout -->
        <test-method is-config="true" signature="closeBrowser()[pri:0, instance:testScript.CustomerModule@5562c41e]" started-at="2022-09-03T20:05:31 IST" name="closeBrowser" finished-at="2022-09-03T20:05:31 IST" duration-ms="324" status="PASS">
          <reporter-output>
            <line>
              <![CDATA[closeBrowser]]>
            </line>
          </reporter-output>
        </test-method> <!-- closeBrowser -->
      </class> <!-- testScript.CustomerModule -->
    </test> <!-- Default test -->
  </suite> <!-- Default suite -->
</testng-results>
